This file contains any messages produced by compilers while
running configure, to aid debugging if configure makes a mistake.

It was created by odb configure 2.4.0, which was
generated by GNU Autoconf 2.69.  Invocation command line was

  $ ./configure 

## --------- ##
## Platform. ##
## --------- ##

hostname = localhost.localdomain
uname -m = x86_64
uname -r = 3.10.0-862.14.4.el7.x86_64
uname -s = Linux
uname -v = #1 SMP Wed Sep 26 15:12:11 UTC 2018

/usr/bin/uname -p = x86_64
/bin/uname -X     = unknown

/bin/arch              = x86_64
/usr/bin/arch -k       = unknown
/usr/convex/getsysinfo = unknown
/usr/bin/hostinfo      = unknown
/bin/machine           = unknown
/usr/bin/oslevel       = unknown
/bin/universe          = unknown

PATH: /root/.nvm/versions/node/v8.11.3/bin
PATH: /usr/lib64/qt-3.3/bin
PATH: /usr/local/bin
PATH: /usr/local/sbin
PATH: /usr/bin
PATH: /usr/sbin
PATH: /bin
PATH: /sbin
PATH: /usr/local/mysql/bin
PATH: /usr/local/jdk1.8.0_141/bin
PATH: /root/apache-maven-3.6.0/bin
PATH: /root/cmake-3.13.1-Linux-x86_64/bin
PATH: /root/apache-maven-3.6.0/bin
PATH: /opt/rh/devtoolset-4/root/usr/bin
PATH: /root/bin


## ----------- ##
## Core tests. ##
## ----------- ##

configure:2304: checking for a BSD-compatible install
configure:2372: result: /usr/bin/install -c
configure:2383: checking whether build environment is sane
configure:2438: result: yes
configure:2589: checking for a thread-safe mkdir -p
configure:2628: result: /usr/bin/mkdir -p
configure:2635: checking for gawk
configure:2651: found /usr/bin/gawk
configure:2662: result: gawk
configure:2673: checking whether make sets $(MAKE)
configure:2695: result: yes
configure:2776: checking how to create a ustar tar archive
configure:2789: tar --version
tar (GNU tar) 1.26
Copyright (C) 2011 Free Software Foundation, Inc.
License GPLv3+: GNU GPL version 3 or later <http://gnu.org/licenses/gpl.html>.
This is free software: you are free to change and redistribute it.
There is NO WARRANTY, to the extent permitted by law.

Written by John Gilmore and Jay Fenlason.
configure:2792: $? = 0
configure:2832: tardir=conftest.dir && eval tar --format=ustar -chf - "$tardir" >conftest.tar
configure:2835: $? = 0
configure:2839: tar -xf - <conftest.tar
configure:2842: $? = 0
configure:2855: result: gnutar
configure:2874: checking for style of include used by make
configure:2902: result: GNU
configure:2973: checking for gcc
configure:2989: found /usr/bin/gcc
configure:3000: result: gcc
configure:3229: checking for C compiler version
configure:3238: gcc --version >&5
gcc (GCC) 4.8.5 20150623 (Red Hat 4.8.5-36)
Copyright (C) 2015 Free Software Foundation, Inc.
This is free software; see the source for copying conditions.  There is NO
warranty; not even for MERCHANTABILITY or FITNESS FOR A PARTICULAR PURPOSE.

configure:3249: $? = 0
configure:3238: gcc -v >&5
Using built-in specs.
COLLECT_GCC=gcc
COLLECT_LTO_WRAPPER=/usr/libexec/gcc/x86_64-redhat-linux/4.8.5/lto-wrapper
Target: x86_64-redhat-linux
Configured with: ../configure --prefix=/usr --mandir=/usr/share/man --infodir=/usr/share/info --with-bugurl=http://bugzilla.redhat.com/bugzilla --enable-bootstrap --enable-shared --enable-threads=posix --enable-checking=release --with-system-zlib --enable-__cxa_atexit --disable-libunwind-exceptions --enable-gnu-unique-object --enable-linker-build-id --with-linker-hash-style=gnu --enable-languages=c,c++,objc,obj-c++,java,fortran,ada,go,lto --enable-plugin --enable-initfini-array --disable-libgcj --with-isl=/builddir/build/BUILD/gcc-4.8.5-20150702/obj-x86_64-redhat-linux/isl-install --with-cloog=/builddir/build/BUILD/gcc-4.8.5-20150702/obj-x86_64-redhat-linux/cloog-install --enable-gnu-indirect-function --with-tune=generic --with-arch_32=x86-64 --build=x86_64-redhat-linux
Thread model: posix
gcc version 4.8.5 20150623 (Red Hat 4.8.5-36) (GCC) 
configure:3249: $? = 0
configure:3238: gcc -V >&5
gcc: error: unrecognized command line option '-V'
gcc: fatal error: no input files
compilation terminated.
configure:3249: $? = 4
configure:3238: gcc -qversion >&5
gcc: error: unrecognized command line option '-qversion'
gcc: fatal error: no input files
compilation terminated.
configure:3249: $? = 4
configure:3269: checking whether the C compiler works
configure:3291: gcc    conftest.c  >&5
configure:3295: $? = 0
configure:3343: result: yes
configure:3346: checking for C compiler default output file name
configure:3348: result: a.out
configure:3354: checking for suffix of executables
configure:3361: gcc -o conftest    conftest.c  >&5
configure:3365: $? = 0
configure:3387: result: 
configure:3409: checking whether we are cross compiling
configure:3417: gcc -o conftest    conftest.c  >&5
configure:3421: $? = 0
configure:3428: ./conftest
configure:3432: $? = 0
configure:3447: result: no
configure:3452: checking for suffix of object files
configure:3474: gcc -c   conftest.c >&5
configure:3478: $? = 0
configure:3499: result: o
configure:3503: checking whether we are using the GNU C compiler
configure:3522: gcc -c   conftest.c >&5
configure:3522: $? = 0
configure:3531: result: yes
configure:3540: checking whether gcc accepts -g
configure:3560: gcc -c -g  conftest.c >&5
configure:3560: $? = 0
configure:3601: result: yes
configure:3618: checking for gcc option to accept ISO C89
configure:3681: gcc  -c -g -O2  conftest.c >&5
configure:3681: $? = 0
configure:3694: result: none needed
configure:3716: checking dependency style of gcc
configure:3827: result: gcc3
configure:3892: checking for ar
configure:3908: found /usr/bin/ar
configure:3919: result: ar
configure:3945: checking the archiver (ar) interface
configure:3955: gcc -c -g -O2  conftest.c >&5
configure:3955: $? = 0
configure:3957: ar cru libconftest.a conftest.o >&5
configure:3960: $? = 0
configure:3983: result: ar
configure:4033: checking build system type
configure:4047: result: x86_64-unknown-linux-gnu
configure:4067: checking host system type
configure:4080: result: x86_64-unknown-linux-gnu
configure:4121: checking how to print strings
configure:4148: result: printf
configure:4169: checking for a sed that does not truncate output
configure:4233: result: /usr/bin/sed
configure:4251: checking for grep that handles long lines and -e
configure:4309: result: /usr/bin/grep
configure:4314: checking for egrep
configure:4376: result: /usr/bin/grep -E
configure:4381: checking for fgrep
configure:4443: result: /usr/bin/grep -F
configure:4478: checking for ld used by gcc
configure:4545: result: /usr/bin/ld
configure:4552: checking if the linker (/usr/bin/ld) is GNU ld
configure:4567: result: yes
configure:4579: checking for BSD- or MS-compatible name lister (nm)
configure:4628: result: /usr/bin/nm -B
configure:4758: checking the name lister (/usr/bin/nm -B) interface
configure:4765: gcc -c -g -O2  conftest.c >&5
configure:4768: /usr/bin/nm -B "conftest.o"
configure:4771: output
0000000000000000 B some_variable
configure:4778: result: BSD nm
configure:4781: checking whether ln -s works
configure:4785: result: yes
configure:4793: checking the maximum length of command line arguments
configure:4924: result: 1572864
configure:4941: checking whether the shell understands some XSI constructs
configure:4951: result: yes
configure:4955: checking whether the shell understands "+="
configure:4961: result: yes
configure:4996: checking how to convert x86_64-unknown-linux-gnu file names to x86_64-unknown-linux-gnu format
configure:5036: result: func_convert_file_noop
configure:5043: checking how to convert x86_64-unknown-linux-gnu file names to toolchain format
configure:5063: result: func_convert_file_noop
configure:5070: checking for /usr/bin/ld option to reload object files
configure:5077: result: -r
configure:5151: checking for objdump
configure:5167: found /usr/bin/objdump
configure:5178: result: objdump
configure:5210: checking how to recognize dependent libraries
configure:5408: result: pass_all
configure:5493: checking for dlltool
configure:5523: result: no
configure:5553: checking how to associate runtime and link libraries
configure:5580: result: printf %s\n
configure:5704: checking for archiver @FILE support
configure:5721: gcc -c -g -O2  conftest.c >&5
configure:5721: $? = 0
configure:5724: ar cru libconftest.a @conftest.lst >&5
configure:5727: $? = 0
configure:5732: ar cru libconftest.a @conftest.lst >&5
ar: conftest.o: No such file or directory
configure:5735: $? = 1
configure:5747: result: @
configure:5805: checking for strip
configure:5821: found /usr/bin/strip
configure:5832: result: strip
configure:5904: checking for ranlib
configure:5920: found /usr/bin/ranlib
configure:5931: result: ranlib
configure:6033: checking command to parse /usr/bin/nm -B output from gcc object
configure:6153: gcc -c -g -O2  conftest.c >&5
configure:6156: $? = 0
configure:6160: /usr/bin/nm -B conftest.o \| sed -n -e 's/^.*[ ]\([ABCDGIRSTW][ABCDGIRSTW]*\)[ ][ ]*\([_A-Za-z][_A-Za-z0-9]*\)$/\1 \2 \2/p' | sed '/ __gnu_lto/d' \> conftest.nm
configure:6163: $? = 0
configure:6229: gcc -o conftest -g -O2   conftest.c conftstm.o >&5
configure:6232: $? = 0
configure:6270: result: ok
configure:6307: checking for sysroot
configure:6337: result: no
configure:6414: gcc -c -g -O2  conftest.c >&5
configure:6417: $? = 0
configure:6600: checking for mt
configure:6630: result: no
configure:6650: checking if : is a manifest tool
configure:6656: : '-?'
configure:6664: result: no
configure:7306: checking how to run the C preprocessor
configure:7337: gcc -E  conftest.c
configure:7337: $? = 0
configure:7351: gcc -E  conftest.c
conftest.c:11:28: fatal error: ac_nonexistent.h: No such file or directory
 #include <ac_nonexistent.h>
                            ^
compilation terminated.
configure:7351: $? = 1
configure: failed program was:
| /* confdefs.h */
| #define PACKAGE_NAME "odb"
| #define PACKAGE_TARNAME "odb"
| #define PACKAGE_VERSION "2.4.0"
| #define PACKAGE_STRING "odb 2.4.0"
| #define PACKAGE_BUGREPORT "odb-users@codesynthesis.com"
| #define PACKAGE_URL ""
| #define PACKAGE "odb"
| #define VERSION "2.4.0"
| /* end confdefs.h.  */
| #include <ac_nonexistent.h>
configure:7376: result: gcc -E
configure:7396: gcc -E  conftest.c
configure:7396: $? = 0
configure:7410: gcc -E  conftest.c
conftest.c:11:28: fatal error: ac_nonexistent.h: No such file or directory
 #include <ac_nonexistent.h>
                            ^
compilation terminated.
configure:7410: $? = 1
configure: failed program was:
| /* confdefs.h */
| #define PACKAGE_NAME "odb"
| #define PACKAGE_TARNAME "odb"
| #define PACKAGE_VERSION "2.4.0"
| #define PACKAGE_STRING "odb 2.4.0"
| #define PACKAGE_BUGREPORT "odb-users@codesynthesis.com"
| #define PACKAGE_URL ""
| #define PACKAGE "odb"
| #define VERSION "2.4.0"
| /* end confdefs.h.  */
| #include <ac_nonexistent.h>
configure:7439: checking for ANSI C header files
configure:7459: gcc -c -g -O2  conftest.c >&5
configure:7459: $? = 0
configure:7532: gcc -o conftest -g -O2   conftest.c  >&5
configure:7532: $? = 0
configure:7532: ./conftest
configure:7532: $? = 0
configure:7543: result: yes
configure:7556: checking for sys/types.h
configure:7556: gcc -c -g -O2  conftest.c >&5
configure:7556: $? = 0
configure:7556: result: yes
configure:7556: checking for sys/stat.h
configure:7556: gcc -c -g -O2  conftest.c >&5
configure:7556: $? = 0
configure:7556: result: yes
configure:7556: checking for stdlib.h
configure:7556: gcc -c -g -O2  conftest.c >&5
configure:7556: $? = 0
configure:7556: result: yes
configure:7556: checking for string.h
configure:7556: gcc -c -g -O2  conftest.c >&5
configure:7556: $? = 0
configure:7556: result: yes
configure:7556: checking for memory.h
configure:7556: gcc -c -g -O2  conftest.c >&5
configure:7556: $? = 0
configure:7556: result: yes
configure:7556: checking for strings.h
configure:7556: gcc -c -g -O2  conftest.c >&5
configure:7556: $? = 0
configure:7556: result: yes
configure:7556: checking for inttypes.h
configure:7556: gcc -c -g -O2  conftest.c >&5
configure:7556: $? = 0
configure:7556: result: yes
configure:7556: checking for stdint.h
configure:7556: gcc -c -g -O2  conftest.c >&5
configure:7556: $? = 0
configure:7556: result: yes
configure:7556: checking for unistd.h
configure:7556: gcc -c -g -O2  conftest.c >&5
configure:7556: $? = 0
configure:7556: result: yes
configure:7570: checking for dlfcn.h
configure:7570: gcc -c -g -O2  conftest.c >&5
configure:7570: $? = 0
configure:7570: result: yes
configure:7775: checking for objdir
configure:7790: result: .libs
configure:8061: checking if gcc supports -fno-rtti -fno-exceptions
configure:8079: gcc -c -g -O2  -fno-rtti -fno-exceptions conftest.c >&5
cc1: warning: command line option '-fno-rtti' is valid for C++/ObjC++ but not for C [enabled by default]
configure:8083: $? = 0
configure:8096: result: no
configure:8423: checking for gcc option to produce PIC
configure:8430: result: -fPIC -DPIC
configure:8438: checking if gcc PIC flag -fPIC -DPIC works
configure:8456: gcc -c -g -O2  -fPIC -DPIC -DPIC conftest.c >&5
configure:8460: $? = 0
configure:8473: result: yes
configure:8502: checking if gcc static flag -static works
configure:8530: result: no
configure:8545: checking if gcc supports -c -o file.o
configure:8566: gcc -c -g -O2  -o out/conftest2.o conftest.c >&5
configure:8570: $? = 0
configure:8592: result: yes
configure:8600: checking if gcc supports -c -o file.o
configure:8647: result: yes
configure:8680: checking whether the gcc linker (/usr/bin/ld -m elf_x86_64) supports shared libraries
configure:9837: result: yes
configure:9874: checking whether -lc should be explicitly linked in
configure:9882: gcc -c -g -O2  conftest.c >&5
configure:9885: $? = 0
configure:9900: gcc -shared  -fPIC -DPIC conftest.o  -v -Wl,-soname -Wl,conftest -o conftest 2\>\&1 \| /usr/bin/grep  -lc  \>/dev/null 2\>\&1
configure:9903: $? = 0
configure:9917: result: no
configure:10077: checking dynamic linker characteristics
configure:10577: gcc -o conftest -g -O2   -Wl,-rpath -Wl,/foo conftest.c  >&5
configure:10577: $? = 0
configure:10811: result: GNU/Linux ld.so
configure:10918: checking how to hardcode library paths into programs
configure:10943: result: immediate
configure:11483: checking whether stripping libraries is possible
configure:11488: result: yes
configure:11523: checking if libtool supports shared libraries
configure:11525: result: yes
configure:11528: checking whether to build shared libraries
configure:11549: result: yes
configure:11552: checking whether to build static libraries
configure:11556: result: no
configure:11656: checking for g++
configure:11672: found /opt/rh/devtoolset-4/root/usr/bin/g++
configure:11683: result: g++
configure:11710: checking for C++ compiler version
configure:11719: g++ --version >&5
g++ (GCC) 5.2.1 20150902 (Red Hat 5.2.1-2)
Copyright (C) 2015 Free Software Foundation, Inc.
This is free software; see the source for copying conditions.  There is NO
warranty; not even for MERCHANTABILITY or FITNESS FOR A PARTICULAR PURPOSE.

configure:11730: $? = 0
configure:11719: g++ -v >&5
Using built-in specs.
COLLECT_GCC=g++
COLLECT_LTO_WRAPPER=/opt/rh/devtoolset-4/root/usr/libexec/gcc/x86_64-redhat-linux/5.2.1/lto-wrapper
Target: x86_64-redhat-linux
Configured with: ../configure --enable-bootstrap --enable-languages=c,c++,fortran,lto --prefix=/opt/rh/devtoolset-4/root/usr --mandir=/opt/rh/devtoolset-4/root/usr/share/man --infodir=/opt/rh/devtoolset-4/root/usr/share/info --with-bugurl=http://bugzilla.redhat.com/bugzilla --enable-shared --enable-threads=posix --enable-checking=release --enable-multilib --with-system-zlib --enable-__cxa_atexit --disable-libunwind-exceptions --enable-gnu-unique-object --enable-linker-build-id --enable-plugin --with-linker-hash-style=gnu --enable-initfini-array --disable-libgcj --with-default-libstdcxx-abi=gcc4-compatible --with-isl=/builddir/build/BUILD/gcc-5.2.1-20150902/obj-x86_64-redhat-linux/isl-install --enable-libmpx --enable-gnu-indirect-function --with-tune=generic --with-arch_32=i686 --build=x86_64-redhat-linux
Thread model: posix
gcc version 5.2.1 20150902 (Red Hat 5.2.1-2) (GCC) 
configure:11730: $? = 0
configure:11719: g++ -V >&5
g++: error: unrecognized command line option '-V'
g++: fatal error: no input files
compilation terminated.
configure:11730: $? = 1
configure:11719: g++ -qversion >&5
g++: error: unrecognized command line option '-qversion'
g++: fatal error: no input files
compilation terminated.
configure:11730: $? = 1
configure:11734: checking whether we are using the GNU C++ compiler
configure:11753: g++ -c   conftest.cpp >&5
configure:11753: $? = 0
configure:11762: result: yes
configure:11771: checking whether g++ accepts -g
configure:11791: g++ -c -g  conftest.cpp >&5
configure:11791: $? = 0
configure:11832: result: yes
configure:11857: checking dependency style of g++
configure:11968: result: gcc3
configure:12001: checking how to run the C++ preprocessor
configure:12028: g++ -E  conftest.cpp
configure:12028: $? = 0
configure:12042: g++ -E  conftest.cpp
conftest.cpp:23:28: fatal error: ac_nonexistent.h: No such file or directory
compilation terminated.
configure:12042: $? = 1
configure: failed program was:
| /* confdefs.h */
| #define PACKAGE_NAME "odb"
| #define PACKAGE_TARNAME "odb"
| #define PACKAGE_VERSION "2.4.0"
| #define PACKAGE_STRING "odb 2.4.0"
| #define PACKAGE_BUGREPORT "odb-users@codesynthesis.com"
| #define PACKAGE_URL ""
| #define PACKAGE "odb"
| #define VERSION "2.4.0"
| #define STDC_HEADERS 1
| #define HAVE_SYS_TYPES_H 1
| #define HAVE_SYS_STAT_H 1
| #define HAVE_STDLIB_H 1
| #define HAVE_STRING_H 1
| #define HAVE_MEMORY_H 1
| #define HAVE_STRINGS_H 1
| #define HAVE_INTTYPES_H 1
| #define HAVE_STDINT_H 1
| #define HAVE_UNISTD_H 1
| #define HAVE_DLFCN_H 1
| #define LT_OBJDIR ".libs/"
| /* end confdefs.h.  */
| #include <ac_nonexistent.h>
configure:12067: result: g++ -E
configure:12087: g++ -E  conftest.cpp
configure:12087: $? = 0
configure:12101: g++ -E  conftest.cpp
conftest.cpp:23:28: fatal error: ac_nonexistent.h: No such file or directory
compilation terminated.
configure:12101: $? = 1
configure: failed program was:
| /* confdefs.h */
| #define PACKAGE_NAME "odb"
| #define PACKAGE_TARNAME "odb"
| #define PACKAGE_VERSION "2.4.0"
| #define PACKAGE_STRING "odb 2.4.0"
| #define PACKAGE_BUGREPORT "odb-users@codesynthesis.com"
| #define PACKAGE_URL ""
| #define PACKAGE "odb"
| #define VERSION "2.4.0"
| #define STDC_HEADERS 1
| #define HAVE_SYS_TYPES_H 1
| #define HAVE_SYS_STAT_H 1
| #define HAVE_STDLIB_H 1
| #define HAVE_STRING_H 1
| #define HAVE_MEMORY_H 1
| #define HAVE_STRINGS_H 1
| #define HAVE_INTTYPES_H 1
| #define HAVE_STDINT_H 1
| #define HAVE_UNISTD_H 1
| #define HAVE_DLFCN_H 1
| #define LT_OBJDIR ".libs/"
| /* end confdefs.h.  */
| #include <ac_nonexistent.h>
configure:12270: checking for ld used by g++
configure:12337: result: /usr/bin/ld -m elf_x86_64
configure:12344: checking if the linker (/usr/bin/ld -m elf_x86_64) is GNU ld
configure:12359: result: yes
configure:12414: checking whether the g++ linker (/usr/bin/ld -m elf_x86_64) supports shared libraries
configure:13416: result: yes
configure:13452: g++ -c -g -O2  conftest.cpp >&5
configure:13455: $? = 0
configure:13975: checking for g++ option to produce PIC
configure:13982: result: -fPIC -DPIC
configure:13990: checking if g++ PIC flag -fPIC -DPIC works
configure:14008: g++ -c -g -O2  -fPIC -DPIC -DPIC conftest.cpp >&5
configure:14012: $? = 0
configure:14025: result: yes
configure:14048: checking if g++ static flag -static works
configure:14076: result: no
configure:14088: checking if g++ supports -c -o file.o
configure:14109: g++ -c -g -O2  -o out/conftest2.o conftest.cpp >&5
configure:14113: $? = 0
configure:14135: result: yes
configure:14140: checking if g++ supports -c -o file.o
configure:14187: result: yes
configure:14217: checking whether the g++ linker (/usr/bin/ld -m elf_x86_64) supports shared libraries
configure:14256: result: yes
configure:14397: checking dynamic linker characteristics
configure:15065: result: GNU/Linux ld.so
configure:15118: checking how to hardcode library paths into programs
configure:15143: result: immediate
configure:15193: creating ./config.lt

## ------------------ ##
## Running config.lt. ##
## ------------------ ##
config.lt:681: creating libtool
configure:16870: checking whether g++ supports plugins
configure:16875: result: no
configure:16877: error: g++ does not support plugins; reconfigure GCC with --enable-plugin

## ---------------- ##
## Cache variables. ##
## ---------------- ##

ac_cv_build=x86_64-unknown-linux-gnu
ac_cv_c_compiler_gnu=yes
ac_cv_cxx_compiler_gnu=yes
ac_cv_env_CCC_set=
ac_cv_env_CCC_value=
ac_cv_env_CC_set=
ac_cv_env_CC_value=
ac_cv_env_CFLAGS_set=
ac_cv_env_CFLAGS_value=
ac_cv_env_CPPFLAGS_set=
ac_cv_env_CPPFLAGS_value=
ac_cv_env_CPP_set=
ac_cv_env_CPP_value=
ac_cv_env_CXXCPP_set=
ac_cv_env_CXXCPP_value=
ac_cv_env_CXXFLAGS_set=
ac_cv_env_CXXFLAGS_value=
ac_cv_env_CXX_set=
ac_cv_env_CXX_value=
ac_cv_env_LDFLAGS_set=
ac_cv_env_LDFLAGS_value=
ac_cv_env_LIBS_set=
ac_cv_env_LIBS_value=
ac_cv_env_build_alias_set=
ac_cv_env_build_alias_value=
ac_cv_env_host_alias_set=
ac_cv_env_host_alias_value=
ac_cv_env_target_alias_set=
ac_cv_env_target_alias_value=
ac_cv_header_dlfcn_h=yes
ac_cv_header_inttypes_h=yes
ac_cv_header_memory_h=yes
ac_cv_header_stdc=yes
ac_cv_header_stdint_h=yes
ac_cv_header_stdlib_h=yes
ac_cv_header_string_h=yes
ac_cv_header_strings_h=yes
ac_cv_header_sys_stat_h=yes
ac_cv_header_sys_types_h=yes
ac_cv_header_unistd_h=yes
ac_cv_host=x86_64-unknown-linux-gnu
ac_cv_objext=o
ac_cv_path_EGREP='/usr/bin/grep -E'
ac_cv_path_FGREP='/usr/bin/grep -F'
ac_cv_path_GREP=/usr/bin/grep
ac_cv_path_SED=/usr/bin/sed
ac_cv_path_install='/usr/bin/install -c'
ac_cv_path_mkdir=/usr/bin/mkdir
ac_cv_prog_AWK=gawk
ac_cv_prog_CPP='gcc -E'
ac_cv_prog_CXXCPP='g++ -E'
ac_cv_prog_ac_ct_AR=ar
ac_cv_prog_ac_ct_CC=gcc
ac_cv_prog_ac_ct_CXX=g++
ac_cv_prog_ac_ct_OBJDUMP=objdump
ac_cv_prog_ac_ct_RANLIB=ranlib
ac_cv_prog_ac_ct_STRIP=strip
ac_cv_prog_cc_c89=
ac_cv_prog_cc_g=yes
ac_cv_prog_cxx_g=yes
ac_cv_prog_make_make_set=yes
am_cv_CC_dependencies_compiler_type=gcc3
am_cv_CXX_dependencies_compiler_type=gcc3
am_cv_ar_interface=ar
am_cv_prog_tar_ustar=gnutar
lt_cv_ar_at_file=@
lt_cv_archive_cmds_need_lc=no
lt_cv_deplibs_check_method=pass_all
lt_cv_file_magic_cmd='$MAGIC_CMD'
lt_cv_file_magic_test_file=
lt_cv_ld_reload_flag=-r
lt_cv_nm_interface='BSD nm'
lt_cv_objdir=.libs
lt_cv_path_LD=/usr/bin/ld
lt_cv_path_LDCXX='/usr/bin/ld -m elf_x86_64'
lt_cv_path_NM='/usr/bin/nm -B'
lt_cv_path_mainfest_tool=no
lt_cv_prog_compiler_c_o=yes
lt_cv_prog_compiler_c_o_CXX=yes
lt_cv_prog_compiler_pic='-fPIC -DPIC'
lt_cv_prog_compiler_pic_CXX='-fPIC -DPIC'
lt_cv_prog_compiler_pic_works=yes
lt_cv_prog_compiler_pic_works_CXX=yes
lt_cv_prog_compiler_rtti_exceptions=no
lt_cv_prog_compiler_static_works=no
lt_cv_prog_compiler_static_works_CXX=no
lt_cv_prog_gnu_ld=yes
lt_cv_prog_gnu_ldcxx=yes
lt_cv_sharedlib_from_linklib_cmd='printf %s\n'
lt_cv_shlibpath_overrides_runpath=no
lt_cv_sys_global_symbol_pipe='sed -n -e '\''s/^.*[	 ]\([ABCDGIRSTW][ABCDGIRSTW]*\)[	 ][	 ]*\([_A-Za-z][_A-Za-z0-9]*\)$/\1 \2 \2/p'\'' | sed '\''/ __gnu_lto/d'\'''
lt_cv_sys_global_symbol_to_c_name_address='sed -n -e '\''s/^: \([^ ]*\)[ ]*$/  {\"\1\", (void *) 0},/p'\'' -e '\''s/^[ABCDGIRSTW]* \([^ ]*\) \([^ ]*\)$/  {"\2", (void *) \&\2},/p'\'''
lt_cv_sys_global_symbol_to_c_name_address_lib_prefix='sed -n -e '\''s/^: \([^ ]*\)[ ]*$/  {\"\1\", (void *) 0},/p'\'' -e '\''s/^[ABCDGIRSTW]* \([^ ]*\) \(lib[^ ]*\)$/  {"\2", (void *) \&\2},/p'\'' -e '\''s/^[ABCDGIRSTW]* \([^ ]*\) \([^ ]*\)$/  {"lib\2", (void *) \&\2},/p'\'''
lt_cv_sys_global_symbol_to_cdecl='sed -n -e '\''s/^T .* \(.*\)$/extern int \1();/p'\'' -e '\''s/^[ABCDGIRSTW]* .* \(.*\)$/extern char \1;/p'\'''
lt_cv_sys_max_cmd_len=1572864
lt_cv_to_host_file_cmd=func_convert_file_noop
lt_cv_to_tool_file_cmd=func_convert_file_noop

## ----------------- ##
## Output variables. ##
## ----------------- ##

ACLOCAL='${SHELL} /root/odb/odb-2.4.0/config/missing --run aclocal-1.12'
AMDEPBACKSLASH='\'
AMDEP_FALSE='#'
AMDEP_TRUE=''
AMTAR='$${TAR-tar}'
AR='ar'
AUTOCONF='${SHELL} /root/odb/odb-2.4.0/config/missing --run autoconf'
AUTOHEADER='${SHELL} /root/odb/odb-2.4.0/config/missing --run autoheader'
AUTOMAKE='${SHELL} /root/odb/odb-2.4.0/config/missing --run automake-1.12'
AWK='gawk'
CC='gcc'
CCDEPMODE='depmode=gcc3'
CFLAGS='-g -O2'
CPP='gcc -E'
CPPFLAGS=''
CXX='g++'
CXXCPP='g++ -E'
CXXDEPMODE='depmode=gcc3'
CXXFLAGS='-g -O2'
CYGPATH_W='echo'
DEFS=''
DEPDIR='.deps'
DLLTOOL='false'
DSYMUTIL=''
DUMPBIN=''
ECHO_C=''
ECHO_N='-n'
ECHO_T=''
EGREP='/usr/bin/grep -E'
EXEEXT=''
FGREP='/usr/bin/grep -F'
GREP='/usr/bin/grep'
INSTALL_DATA='${INSTALL} -m 644'
INSTALL_PROGRAM='${INSTALL}'
INSTALL_SCRIPT='${INSTALL}'
INSTALL_STRIP_PROGRAM='$(install_sh) -c -s'
LD='/usr/bin/ld -m elf_x86_64'
LDFLAGS=''
LIBOBJS=''
LIBS=''
LIBTOOL='$(SHELL) $(top_builddir)/libtool'
LIPO=''
LN_S='ln -s'
LTLIBOBJS=''
MAKEINFO='${SHELL} /root/odb/odb-2.4.0/config/missing --run makeinfo'
MANIFEST_TOOL=':'
MKDIR_P='/usr/bin/mkdir -p'
NM='/usr/bin/nm -B'
NMEDIT=''
OBJDUMP='objdump'
OBJEXT='o'
OTOOL64=''
OTOOL=''
PACKAGE='odb'
PACKAGE_BUGREPORT='odb-users@codesynthesis.com'
PACKAGE_NAME='odb'
PACKAGE_STRING='odb 2.4.0'
PACKAGE_TARNAME='odb'
PACKAGE_URL=''
PACKAGE_VERSION='2.4.0'
PATH_SEPARATOR=':'
RANLIB='ranlib'
SED='/usr/bin/sed'
SET_MAKE=''
SHELL='/bin/sh'
STRIP='strip'
VERSION='2.4.0'
ac_ct_AR='ar'
ac_ct_CC='gcc'
ac_ct_CXX='g++'
ac_ct_DUMPBIN=''
am__EXEEXT_FALSE=''
am__EXEEXT_TRUE=''
am__fastdepCC_FALSE='#'
am__fastdepCC_TRUE=''
am__fastdepCXX_FALSE='#'
am__fastdepCXX_TRUE=''
am__include='include'
am__isrc=''
am__leading_dot='.'
am__nodep='_no'
am__quote=''
am__tar='tar --format=ustar -chf - "$$tardir"'
am__untar='tar -xf -'
bindir='${exec_prefix}/bin'
build='x86_64-unknown-linux-gnu'
build_alias=''
build_cpu='x86_64'
build_os='linux-gnu'
build_vendor='unknown'
datadir='${datarootdir}'
datarootdir='${prefix}/share'
docdir='${datarootdir}/doc/${PACKAGE_TARNAME}'
dvidir='${docdir}'
exec_prefix='NONE'
host='x86_64-unknown-linux-gnu'
host_alias=''
host_cpu='x86_64'
host_os='linux-gnu'
host_vendor='unknown'
htmldir='${docdir}'
includedir='${prefix}/include'
infodir='${datarootdir}/info'
install_sh='${SHELL} /root/odb/odb-2.4.0/config/install-sh'
libdir='${exec_prefix}/lib'
libexecdir='${exec_prefix}/libexec'
localedir='${datarootdir}/locale'
localstatedir='${prefix}/var'
mandir='${datarootdir}/man'
mkdir_p='$(MKDIR_P)'
oldincludedir='/usr/include'
pdfdir='${docdir}'
plugindir=''
prefix='NONE'
program_transform_name='s,x,x,'
psdir='${docdir}'
sbindir='${exec_prefix}/sbin'
sharedstatedir='${prefix}/com'
sysconfdir='${prefix}/etc'
target_alias=''

## ----------- ##
## confdefs.h. ##
## ----------- ##

/* confdefs.h */
#define PACKAGE_NAME "odb"
#define PACKAGE_TARNAME "odb"
#define PACKAGE_VERSION "2.4.0"
#define PACKAGE_STRING "odb 2.4.0"
#define PACKAGE_BUGREPORT "odb-users@codesynthesis.com"
#define PACKAGE_URL ""
#define PACKAGE "odb"
#define VERSION "2.4.0"
#define STDC_HEADERS 1
#define HAVE_SYS_TYPES_H 1
#define HAVE_SYS_STAT_H 1
#define HAVE_STDLIB_H 1
#define HAVE_STRING_H 1
#define HAVE_MEMORY_H 1
#define HAVE_STRINGS_H 1
#define HAVE_INTTYPES_H 1
#define HAVE_STDINT_H 1
#define HAVE_UNISTD_H 1
#define HAVE_DLFCN_H 1
#define LT_OBJDIR ".libs/"

configure: exit 1
